C:\USERS\HP\DROPBOX (BIO MEDICAL ROBOTICS)\GRASP_EXP2_FEEDBACK_CAMERA_ORI\VS_GUI_SERVER\GENERATEDFILES\UI_KEYPAD.H
C:\USERS\HP\DROPBOX (BIO MEDICAL ROBOTICS)\GRASP_EXP2_FEEDBACK_CAMERA_ORI\VS_GUI_SERVER\GENERATEDFILES\UI_SIFORM.H
C:\USERS\HP\DROPBOX (BIO MEDICAL ROBOTICS)\GRASP_EXP2_FEEDBACK_CAMERA_ORI\VS_GUI_SERVER\RELEASE\GUI_SERVER.EXE
C:\USERS\HP\DROPBOX (BIO MEDICAL ROBOTICS)\GRASP_EXP2_FEEDBACK_CAMERA_ORI\VS_GUI_SERVER\RELEASE\MOC_KEYPAD.CPP
C:\USERS\HP\DROPBOX (BIO MEDICAL ROBOTICS)\GRASP_EXP2_FEEDBACK_CAMERA_ORI\VS_GUI_SERVER\RELEASE\MOC_SIFORM.CPP
C:\Users\HP\Dropbox (BIO MEDICAL ROBOTICS)\grasp_exp2_feedback_camera_ori\VS_GUI_SERVER\Win32\cl.command.1.tlog
C:\Users\HP\Dropbox (BIO MEDICAL ROBOTICS)\grasp_exp2_feedback_camera_ori\VS_GUI_SERVER\Win32\CL.read.1.tlog
C:\Users\HP\Dropbox (BIO MEDICAL ROBOTICS)\grasp_exp2_feedback_camera_ori\VS_GUI_SERVER\Win32\CL.write.1.tlog
C:\USERS\HP\DROPBOX (BIO MEDICAL ROBOTICS)\GRASP_EXP2_FEEDBACK_CAMERA_ORI\VS_GUI_SERVER\WIN32\COMMONDS.OBJ
C:\Users\HP\Dropbox (BIO MEDICAL ROBOTICS)\grasp_exp2_feedback_camera_ori\VS_GUI_SERVER\Win32\custombuild.command.1.tlog
C:\Users\HP\Dropbox (BIO MEDICAL ROBOTICS)\grasp_exp2_feedback_camera_ori\VS_GUI_SERVER\Win32\custombuild.read.1.tlog
C:\Users\HP\Dropbox (BIO MEDICAL ROBOTICS)\grasp_exp2_feedback_camera_ori\VS_GUI_SERVER\Win32\custombuild.write.1.tlog
C:\USERS\HP\DROPBOX (BIO MEDICAL ROBOTICS)\GRASP_EXP2_FEEDBACK_CAMERA_ORI\VS_GUI_SERVER\WIN32\GUI_SERVER.EXE.INTERMEDIATE.MANIFEST
C:\Users\HP\Dropbox (BIO MEDICAL ROBOTICS)\grasp_exp2_feedback_camera_ori\VS_GUI_SERVER\Win32\GUI_Server.write.1.tlog
C:\USERS\HP\DROPBOX (BIO MEDICAL ROBOTICS)\GRASP_EXP2_FEEDBACK_CAMERA_ORI\VS_GUI_SERVER\WIN32\KEYPAD.OBJ
C:\Users\HP\Dropbox (BIO MEDICAL ROBOTICS)\grasp_exp2_feedback_camera_ori\VS_GUI_SERVER\Win32\link.command.1.tlog
C:\Users\HP\Dropbox (BIO MEDICAL ROBOTICS)\grasp_exp2_feedback_camera_ori\VS_GUI_SERVER\Win32\link.read.1.tlog
C:\Users\HP\Dropbox (BIO MEDICAL ROBOTICS)\grasp_exp2_feedback_camera_ori\VS_GUI_SERVER\Win32\link.write.1.tlog
C:\USERS\HP\DROPBOX (BIO MEDICAL ROBOTICS)\GRASP_EXP2_FEEDBACK_CAMERA_ORI\VS_GUI_SERVER\WIN32\MAIN.OBJ
C:\USERS\HP\DROPBOX (BIO MEDICAL ROBOTICS)\GRASP_EXP2_FEEDBACK_CAMERA_ORI\VS_GUI_SERVER\WIN32\MOC_KEYPAD.OBJ
C:\USERS\HP\DROPBOX (BIO MEDICAL ROBOTICS)\GRASP_EXP2_FEEDBACK_CAMERA_ORI\VS_GUI_SERVER\WIN32\MOC_SIFORM.OBJ
C:\Users\HP\Dropbox (BIO MEDICAL ROBOTICS)\grasp_exp2_feedback_camera_ori\VS_GUI_SERVER\Win32\mt.command.1.tlog
C:\Users\HP\Dropbox (BIO MEDICAL ROBOTICS)\grasp_exp2_feedback_camera_ori\VS_GUI_SERVER\Win32\mt.read.1.tlog
C:\Users\HP\Dropbox (BIO MEDICAL ROBOTICS)\grasp_exp2_feedback_camera_ori\VS_GUI_SERVER\Win32\mt.write.1.tlog
C:\USERS\HP\DROPBOX (BIO MEDICAL ROBOTICS)\GRASP_EXP2_FEEDBACK_CAMERA_ORI\VS_GUI_SERVER\WIN32\SIFORM.OBJ
C:\USERS\HP\DROPBOX (BIO MEDICAL ROBOTICS)\GRASP_EXP2_FEEDBACK_CAMERA_ORI\VS_GUI_SERVER\WIN32\VC100.PDB
