Build started 22/03/2016 12:42:36.
     1>Project "C:\Users\HP\Documents\GitHub\feedback_experiment\VS_GUI_SERVER\GUI_Server.vcxproj" on node 2 (build target(s)).
     1>InitializeBuildStatus:
         Creating "Win32\GUI_Server.unsuccessfulbuild" because "AlwaysCreate" was specified.
       CustomBuild:
         All outputs are up-to-date.
       ClCompile:
         C:\Program Files (x86)\Microsoft Visual Studio 10.0\VC\bin\CL.exe /c /IC:\Qt\4.8.6\include\QtCore /IC:\Qt\4.8.6\include\QtNetwork /IC:\Qt\4.8.6\include\QtGui /IC:\Qt\4.8.6\include\Qt3Support /IC:\Qt\4.8.6\include /IC:\Qt\4.8.6\include\ActiveQt /I.\release /IC:\Qt\4.8.6\mkspecs\default /I.\GeneratedFiles /Zi /nologo /W3 /WX- /O2 /Oy- /D _WINDOWS /D UNICODE /D WIN32 /D QT_LARGEFILE_SUPPORT /D QT_DLL /D QT_NO_DEBUG /D QT_QT3SUPPORT_LIB /D QT3_SUPPORT /D QT_GUI_LIB /D QT_NETWORK_LIB /D QT_CORE_LIB /D QT_HAVE_MMX /D QT_HAVE_3DNOW /D QT_HAVE_SSE /D QT_HAVE_MMXEXT /D QT_HAVE_SSE2 /D QT_THREAD_SUPPORT /D NDEBUG /Gm- /EHsc /MD /GS- /fp:precise /Zc:wchar_t- /Zc:forScope /GR /Fo"Win32\\" /Fd"Win32\vc100.pdb" /Gd /TP /analyze- /errorReport:prompt siform.cpp
         siform.cpp
     1>c:\qt\4.8.6\include\qtcore\../../src/corelib/global/qconfig.h(41): warning C4005: 'QT_LARGEFILE_SUPPORT' : macro redefinition
                 command-line arguments :  see previous definition of 'QT_LARGEFILE_SUPPORT'
       Link:
         C:\Program Files (x86)\Microsoft Visual Studio 10.0\VC\bin\link.exe /ERRORREPORT:PROMPT /OUT:"release\\GUI_Server.exe" /INCREMENTAL:NO /NOLOGO /LIBPATH:C:\Qt\4.8.6\lib /LIBPATH:C:\Qt\4.8.6\lib C:\Qt\4.8.6\lib\qtmain.lib "c:\Program Files (x86)\Microsoft SDKs\Windows\v7.0A\\Lib\WinInet.lib" C:\Qt\4.8.6\lib\Qt3Support4.lib C:\Qt\4.8.6\lib\QtGui4.lib C:\Qt\4.8.6\lib\QtNetwork4.lib C:\Qt\4.8.6\lib\QtCore4.lib comdlg32.lib kernel32.lib user32.lib gdi32.lib winspool.lib comdlg32.lib advapi32.lib shell32.lib ole32.lib oleaut32.lib uuid.lib odbc32.lib odbccp32.lib /MANIFEST /ManifestFile:"Win32\GUI_Server.exe.intermediate.manifest" /MANIFESTUAC:"level='asInvoker' uiAccess='false'" /PDB:"C:\Users\HP\Documents\GitHub\feedback_experiment\VS_GUI_SERVER\release\GUI_Server.pdb" /SUBSYSTEM:WINDOWS /TLBID:1 /DYNAMICBASE /NXCOMPAT /MACHINE:X86 Win32\CommonDS.obj
         Win32\keypad.obj
         Win32\main.obj
         Win32\moc_keypad.obj
         Win32\moc_siform.obj
         Win32\siform.obj "/MANIFESTDEPENDENCY:type='win32' name='Microsoft.Windows.Common-Controls' version='6.0.0.0' publicKeyToken='6595b64144ccf1df' language='*' processorArchitecture='*'" 
         GUI_Server.vcxproj -> C:\Users\HP\Documents\GitHub\feedback_experiment\VS_GUI_SERVER\release\GUI_Server.exe
       Manifest:
         c:\Program Files (x86)\Microsoft SDKs\Windows\v7.0A\bin\mt.exe /nologo /verbose /outputresource:"release\\GUI_Server.exe;#1" /manifest Win32\GUI_Server.exe.intermediate.manifest
       FinalizeBuildStatus:
         Deleting file "Win32\GUI_Server.unsuccessfulbuild".
         Touching "Win32\GUI_Server.lastbuildstate".
     1>Done Building Project "C:\Users\HP\Documents\GitHub\feedback_experiment\VS_GUI_SERVER\GUI_Server.vcxproj" (build target(s)).

Build succeeded.

Time Elapsed 00:00:02.57
