Build started 22/03/2016 17:09:10.
     1>Project "C:\Users\HP\Documents\GitHub\feedback_experiment\grasp_exp\grasp_exp.vcxproj" on node 2 (build target(s)).
     1>InitializeBuildStatus:
         Creating "x64\Debug\grasp_exp.unsuccessfulbuild" because "AlwaysCreate" was specified.
       ClCompile:
         C:\Program Files (x86)\Microsoft Visual Studio 10.0\VC\bin\x86_amd64\CL.exe /c /I"C:\Program Files\Point Grey Research\FlyCapture2\include" /IC:\opencv\build\include /I"C:\Program Files\Force Dimension\sdk-3.5.3\include" /I"C:\Program Files\Force Dimension\sdk-3.5.3\external\Eigen" /IC:\Users\HP\Desktop\opencv_tut\opencv_tut\freeglut\include /IC:\OpenCV\Build\x64\vc10\include /I"C:\Numerical Recipes\Cpp211\cpp\otherm" /Zi /nologo /W3 /WX- /Od /D WIN32 /D _DEBUG /D _WINDOWS /D _UNICODE /D UNICODE /Gm /EHsc /RTC1 /MDd /GS /fp:precise /Zc:wchar_t /Zc:forScope /Fo"x64\Debug\\" /Fd"x64\Debug\vc100.pdb" /Gd /TP /errorReport:prompt Haptic.cpp
         Haptic.cpp
     1>c:\users\hp\documents\github\feedback_experiment\grasp_exp\Haptic.h(13): warning C4305: '=' : truncation from 'double' to 'float'
     1>c:\numerical recipes\cpp211\cpp\otherm\nrutil_af.h(45): warning C4244: 'return' : conversion from 'const double' to 'float', possible loss of data
     1>c:\numerical recipes\cpp211\cpp\otherm\nrutil_af.h(928): warning C4244: 'return' : conversion from 'double' to 'float', possible loss of data
     1>c:\numerical recipes\cpp211\cpp\otherm\nrutil_af.h(929): warning C4244: 'return' : conversion from 'double' to 'float', possible loss of data
     1>c:\numerical recipes\cpp211\cpp\otherm\nrutil_af.h(930): warning C4244: 'return' : conversion from 'double' to 'float', possible loss of data
     1>c:\numerical recipes\cpp211\cpp\otherm\nrutil_af.h(931): warning C4244: 'return' : conversion from 'double' to 'float', possible loss of data
     1>c:\users\hp\documents\github\feedback_experiment\grasp_exp\FileHandle.h(28): warning C4244: '=' : conversion from 'double' to 'float', possible loss of data
     1>c:\users\hp\documents\github\feedback_experiment\grasp_exp\Protocol.h(35): warning C4305: '=' : truncation from 'double' to 'float'
     1>c:\users\hp\documents\github\feedback_experiment\grasp_exp\Protocol.h(39): warning C4305: '=' : truncation from 'double' to 'float'
     1>Haptic.cpp(151): warning C4244: '=' : conversion from 'double' to 'int', possible loss of data
     1>Haptic.cpp(270): warning C4244: 'initializing' : conversion from 'double' to 'int', possible loss of data
     1>Haptic.cpp(272): warning C4244: 'initializing' : conversion from 'double' to 'int', possible loss of data
     1>Haptic.cpp(155): warning C4101: 'KG' : unreferenced local variable
     1>Haptic.cpp(404): warning C4305: 'initializing' : truncation from 'double' to 'float'
     1>Haptic.cpp(404): warning C4305: 'initializing' : truncation from 'double' to 'float'
     1>Haptic.cpp(404): warning C4305: 'initializing' : truncation from 'double' to 'float'
     1>Haptic.cpp(404): warning C4305: 'initializing' : truncation from 'double' to 'float'
     1>Haptic.cpp(406): warning C4305: 'initializing' : truncation from 'double' to 'float'
     1>Haptic.cpp(406): warning C4305: 'initializing' : truncation from 'double' to 'float'
     1>Haptic.cpp(406): warning C4305: 'initializing' : truncation from 'double' to 'float'
       ManifestResourceCompile:
         All outputs are up-to-date.
       Link:
         C:\Program Files (x86)\Microsoft Visual Studio 10.0\VC\bin\x86_amd64\link.exe /ERRORREPORT:PROMPT /OUT:"C:\Users\HP\Documents\GitHub\feedback_experiment\x64\Debug\grasp_exp.exe" /INCREMENTAL /NOLOGO /LIBPATH:"C:\Program Files\Point Grey Research\FlyCapture2\lib64" /LIBPATH:C:\opencv\build\x64\vc10\lib /LIBPATH:"C:\Program Files\Force Dimension\sdk-3.5.3\lib" /LIBPATH:"C:\Program Files\Force Dimension\sdk-3.5.3\external\freeglut\lib\\x64\Debug" /LIBPATH:C:\Users\HP\Desktop\opencv_tut\opencv_tut\freeglut\lib\x64 opencv_ocl249d.lib opencv_calib3d249d.lib opencv_contrib249d.lib opencv_core249d.lib opencv_flann249d.lib opencv_gpu249d.lib opencv_imgproc249d.lib opencv_ml249d.lib opencv_nonfree249d.lib opencv_photo249d.lib opencv_stitching249d.lib opencv_superres249d.lib opencv_ts249d.lib opencv_video249d.lib opencv_videostab249d.lib opencv_legacy249d.lib opencv_features2d249d.lib opencv_highgui249d.lib FlyCapture2d_v100.lib drdms64.lib freeglut.lib dhdms64.lib WS2_32.lib kernel32.lib user32.lib gdi32.lib winspool.lib comdlg32.lib advapi32.lib shell32.lib ole32.lib oleaut32.lib uuid.lib odbc32.lib odbccp32.lib /MANIFEST /ManifestFile:"x64\Debug\grasp_exp.exe.intermediate.manifest" /MANIFESTUAC:"level='asInvoker' uiAccess='false'" /DEBUG /PDB:"C:\Users\HP\Documents\GitHub\feedback_experiment\x64\Debug\grasp_exp.pdb" /SUBSYSTEM:CONSOLE /TLBID:1 /DYNAMICBASE /NXCOMPAT /IMPLIB:"C:\Users\HP\Documents\GitHub\feedback_experiment\x64\Debug\grasp_exp.lib" /MACHINE:X64 x64\Debug\grasp_exp.exe.embed.manifest.res
         x64\Debug\CommonDS.obj
         x64\Debug\FileHandle.obj
         x64\Debug\FrameRateCounter.obj
         x64\Debug\Haptic.obj
         x64\Debug\maingrasp.obj
         x64\Debug\PracticalSocket.obj
         x64\Debug\protocol.obj
         x64\Debug\sigma_comm.obj
         x64\Debug\Timer.obj
         x64\Debug\VisionThread.obj
         x64\Debug\VisionThread2.obj
         grasp_exp.vcxproj -> C:\Users\HP\Documents\GitHub\feedback_experiment\x64\Debug\grasp_exp.exe
       Manifest:
         c:\Program Files (x86)\Microsoft SDKs\Windows\v7.0A\bin\mt.exe /nologo /verbose /out:"x64\Debug\grasp_exp.exe.embed.manifest" /manifest x64\Debug\grasp_exp.exe.intermediate.manifest
         All outputs are up-to-date.
       LinkEmbedManifest:
         All outputs are up-to-date.
         grasp_exp.vcxproj -> C:\Users\HP\Documents\GitHub\feedback_experiment\x64\Debug\grasp_exp.exe
       FinalizeBuildStatus:
         Deleting file "x64\Debug\grasp_exp.unsuccessfulbuild".
         Touching "x64\Debug\grasp_exp.lastbuildstate".
     1>Done Building Project "C:\Users\HP\Documents\GitHub\feedback_experiment\grasp_exp\grasp_exp.vcxproj" (build target(s)).

Build succeeded.

Time Elapsed 00:00:02.54
