C:\USERS\AMIT\DOCUMENTS\VISUAL STUDIO 2010\PROJECTS\GRASP_EXP\GRASP_EXP\DEBUG\TIMER.OBJ
C:\USERS\AMIT\DOCUMENTS\VISUAL STUDIO 2010\PROJECTS\GRASP_EXP\GRASP_EXP\DEBUG\VC100.PDB
C:\USERS\AMIT\DOCUMENTS\VISUAL STUDIO 2010\PROJECTS\GRASP_EXP2\DEBUG\GRASP_EXP.EXE
C:\USERS\AMIT\DOCUMENTS\VISUAL STUDIO 2010\PROJECTS\GRASP_EXP2\DEBUG\GRASP_EXP.ILK
C:\USERS\AMIT\DOCUMENTS\VISUAL STUDIO 2010\PROJECTS\GRASP_EXP2\DEBUG\GRASP_EXP.PDB
C:\USERS\AMIT\DOCUMENTS\VISUAL STUDIO 2010\PROJECTS\GRASP_EXP2\GRASP_EXP\DEBUG\COMMONDS.OBJ
C:\USERS\AMIT\DOCUMENTS\VISUAL STUDIO 2010\PROJECTS\GRASP_EXP2\GRASP_EXP\DEBUG\FILEHANDLE.OBJ
C:\USERS\AMIT\DOCUMENTS\VISUAL STUDIO 2010\PROJECTS\GRASP_EXP2\GRASP_EXP\DEBUG\GRASP_EXP.EXE.EMBED.MANIFEST
C:\USERS\AMIT\DOCUMENTS\VISUAL STUDIO 2010\PROJECTS\GRASP_EXP2\GRASP_EXP\DEBUG\GRASP_EXP.EXE.EMBED.MANIFEST.RES
C:\USERS\AMIT\DOCUMENTS\VISUAL STUDIO 2010\PROJECTS\GRASP_EXP2\GRASP_EXP\DEBUG\GRASP_EXP.EXE.INTERMEDIATE.MANIFEST
C:\USERS\AMIT\DOCUMENTS\VISUAL STUDIO 2010\PROJECTS\GRASP_EXP2\GRASP_EXP\DEBUG\HAPTIC.OBJ
C:\USERS\AMIT\DOCUMENTS\VISUAL STUDIO 2010\PROJECTS\GRASP_EXP2\GRASP_EXP\DEBUG\MAINGRASP.OBJ
C:\USERS\AMIT\DOCUMENTS\VISUAL STUDIO 2010\PROJECTS\GRASP_EXP2\GRASP_EXP\DEBUG\PRACTICALSOCKET.OBJ
C:\USERS\AMIT\DOCUMENTS\VISUAL STUDIO 2010\PROJECTS\GRASP_EXP2\GRASP_EXP\DEBUG\PROTOCOL.OBJ
C:\USERS\AMIT\DOCUMENTS\VISUAL STUDIO 2010\PROJECTS\GRASP_EXP2\GRASP_EXP\DEBUG\SIGMA_COMM.OBJ
C:\USERS\AMIT\DOCUMENTS\VISUAL STUDIO 2010\PROJECTS\GRASP_EXP2\GRASP_EXP\DEBUG\TIMER.OBJ
C:\USERS\AMIT\DOCUMENTS\VISUAL STUDIO 2010\PROJECTS\GRASP_EXP2\GRASP_EXP\DEBUG\VC100.PDB
C:\USERS\RAVEN\DESKTOP\GRASP_EXP2\DEBUG\GRASP_EXP.EXE
C:\USERS\RAVEN\DESKTOP\GRASP_EXP2\DEBUG\GRASP_EXP.ILK
C:\USERS\RAVEN\DESKTOP\GRASP_EXP2\DEBUG\GRASP_EXP.PDB
C:\USERS\RAVEN\DESKTOP\GRASP_EXP2\GRASP_EXP\DEBUG\COMMONDS.OBJ
C:\USERS\RAVEN\DESKTOP\GRASP_EXP2\GRASP_EXP\DEBUG\FILEHANDLE.OBJ
C:\USERS\RAVEN\DESKTOP\GRASP_EXP2\GRASP_EXP\DEBUG\GRASP_EXP.EXE.EMBED.MANIFEST.RES
C:\USERS\RAVEN\DESKTOP\GRASP_EXP2\GRASP_EXP\DEBUG\GRASP_EXP.EXE.INTERMEDIATE.MANIFEST
C:\USERS\RAVEN\DESKTOP\GRASP_EXP2\GRASP_EXP\DEBUG\HAPTIC.OBJ
C:\USERS\RAVEN\DESKTOP\GRASP_EXP2\GRASP_EXP\DEBUG\MAINGRASP.OBJ
C:\USERS\RAVEN\DESKTOP\GRASP_EXP2\GRASP_EXP\DEBUG\PRACTICALSOCKET.OBJ
C:\USERS\RAVEN\DESKTOP\GRASP_EXP2\GRASP_EXP\DEBUG\PROTOCOL.OBJ
C:\USERS\RAVEN\DESKTOP\GRASP_EXP2\GRASP_EXP\DEBUG\SIGMA_COMM.OBJ
C:\USERS\RAVEN\DESKTOP\GRASP_EXP2\GRASP_EXP\DEBUG\TIMER.OBJ
C:\USERS\RAVEN\DESKTOP\GRASP_EXP2\GRASP_EXP\DEBUG\VC100.PDB
C:\USERS\RAVEN\DROPBOX (BIO MEDICAL ROBOTICS)\GRASP_EXP2\DEBUG\GRASP_EXP.EXE
C:\USERS\RAVEN\DROPBOX (BIO MEDICAL ROBOTICS)\GRASP_EXP2\DEBUG\GRASP_EXP.ILK
C:\USERS\RAVEN\DROPBOX (BIO MEDICAL ROBOTICS)\GRASP_EXP2\DEBUG\GRASP_EXP.PDB
C:\Users\raven\Dropbox (BIO MEDICAL ROBOTICS)\grasp_exp2\grasp_exp\Debug\cl.command.1.tlog
C:\Users\raven\Dropbox (BIO MEDICAL ROBOTICS)\grasp_exp2\grasp_exp\Debug\CL.read.1.tlog
C:\Users\raven\Dropbox (BIO MEDICAL ROBOTICS)\grasp_exp2\grasp_exp\Debug\CL.write.1.tlog
C:\USERS\RAVEN\DROPBOX (BIO MEDICAL ROBOTICS)\GRASP_EXP2\GRASP_EXP\DEBUG\COMMONDS.OBJ
C:\USERS\RAVEN\DROPBOX (BIO MEDICAL ROBOTICS)\GRASP_EXP2\GRASP_EXP\DEBUG\FILEHANDLE.OBJ
C:\Users\raven\Dropbox (BIO MEDICAL ROBOTICS)\grasp_exp2\grasp_exp\Debug\grasp_exp.exe.embed.manifest
C:\USERS\RAVEN\DROPBOX (BIO MEDICAL ROBOTICS)\GRASP_EXP2\GRASP_EXP\DEBUG\GRASP_EXP.EXE.EMBED.MANIFEST.RES
C:\USERS\RAVEN\DROPBOX (BIO MEDICAL ROBOTICS)\GRASP_EXP2\GRASP_EXP\DEBUG\GRASP_EXP.EXE.INTERMEDIATE.MANIFEST
C:\Users\raven\Dropbox (BIO MEDICAL ROBOTICS)\grasp_exp2\grasp_exp\Debug\grasp_exp.vcxprojResolveAssemblyReference.cache
C:\Users\raven\Dropbox (BIO MEDICAL ROBOTICS)\grasp_exp2\grasp_exp\Debug\grasp_exp.write.1.tlog
C:\Users\raven\Dropbox (BIO MEDICAL ROBOTICS)\grasp_exp2\grasp_exp\Debug\grasp_exp_manifest.rc
C:\USERS\RAVEN\DROPBOX (BIO MEDICAL ROBOTICS)\GRASP_EXP2\GRASP_EXP\DEBUG\HAPTIC.OBJ
C:\Users\raven\Dropbox (BIO MEDICAL ROBOTICS)\grasp_exp2\grasp_exp\Debug\link.1208.read.1.tlog
C:\Users\raven\Dropbox (BIO MEDICAL ROBOTICS)\grasp_exp2\grasp_exp\Debug\link.1208.write.1.tlog
C:\Users\raven\Dropbox (BIO MEDICAL ROBOTICS)\grasp_exp2\grasp_exp\Debug\link.1208-cvtres.read.1.tlog
C:\Users\raven\Dropbox (BIO MEDICAL ROBOTICS)\grasp_exp2\grasp_exp\Debug\link.1208-cvtres.write.1.tlog
C:\Users\raven\Dropbox (BIO MEDICAL ROBOTICS)\grasp_exp2\grasp_exp\Debug\link.4736.read.1.tlog
C:\Users\raven\Dropbox (BIO MEDICAL ROBOTICS)\grasp_exp2\grasp_exp\Debug\link.4736.write.1.tlog
C:\Users\raven\Dropbox (BIO MEDICAL ROBOTICS)\grasp_exp2\grasp_exp\Debug\link.4736-cvtres.read.1.tlog
C:\Users\raven\Dropbox (BIO MEDICAL ROBOTICS)\grasp_exp2\grasp_exp\Debug\link.4736-cvtres.write.1.tlog
C:\Users\raven\Dropbox (BIO MEDICAL ROBOTICS)\grasp_exp2\grasp_exp\Debug\link.5316.read.1.tlog
C:\Users\raven\Dropbox (BIO MEDICAL ROBOTICS)\grasp_exp2\grasp_exp\Debug\link.5316.write.1.tlog
C:\Users\raven\Dropbox (BIO MEDICAL ROBOTICS)\grasp_exp2\grasp_exp\Debug\link.5316-cvtres.read.1.tlog
C:\Users\raven\Dropbox (BIO MEDICAL ROBOTICS)\grasp_exp2\grasp_exp\Debug\link.5316-cvtres.write.1.tlog
C:\Users\raven\Dropbox (BIO MEDICAL ROBOTICS)\grasp_exp2\grasp_exp\Debug\link.7072.read.1.tlog
C:\Users\raven\Dropbox (BIO MEDICAL ROBOTICS)\grasp_exp2\grasp_exp\Debug\link.7072.write.1.tlog
C:\Users\raven\Dropbox (BIO MEDICAL ROBOTICS)\grasp_exp2\grasp_exp\Debug\link.7072-cvtres.read.1.tlog
C:\Users\raven\Dropbox (BIO MEDICAL ROBOTICS)\grasp_exp2\grasp_exp\Debug\link.7072-cvtres.write.1.tlog
C:\Users\raven\Dropbox (BIO MEDICAL ROBOTICS)\grasp_exp2\grasp_exp\Debug\link.command.1.tlog
C:\Users\raven\Dropbox (BIO MEDICAL ROBOTICS)\grasp_exp2\grasp_exp\Debug\link.read.1.tlog
C:\Users\raven\Dropbox (BIO MEDICAL ROBOTICS)\grasp_exp2\grasp_exp\Debug\link.write.1.tlog
C:\Users\raven\Dropbox (BIO MEDICAL ROBOTICS)\grasp_exp2\grasp_exp\Debug\link-cvtres.read.1.tlog
C:\Users\raven\Dropbox (BIO MEDICAL ROBOTICS)\grasp_exp2\grasp_exp\Debug\link-cvtres.write.1.tlog
C:\USERS\RAVEN\DROPBOX (BIO MEDICAL ROBOTICS)\GRASP_EXP2\GRASP_EXP\DEBUG\MAINGRASP.OBJ
C:\Users\raven\Dropbox (BIO MEDICAL ROBOTICS)\grasp_exp2\grasp_exp\Debug\mt.command.1.tlog
C:\Users\raven\Dropbox (BIO MEDICAL ROBOTICS)\grasp_exp2\grasp_exp\Debug\mt.read.1.tlog
C:\Users\raven\Dropbox (BIO MEDICAL ROBOTICS)\grasp_exp2\grasp_exp\Debug\mt.write.1.tlog
C:\USERS\RAVEN\DROPBOX (BIO MEDICAL ROBOTICS)\GRASP_EXP2\GRASP_EXP\DEBUG\PRACTICALSOCKET.OBJ
C:\USERS\RAVEN\DROPBOX (BIO MEDICAL ROBOTICS)\GRASP_EXP2\GRASP_EXP\DEBUG\PROTOCOL.OBJ
C:\Users\raven\Dropbox (BIO MEDICAL ROBOTICS)\grasp_exp2\grasp_exp\Debug\rc.command.1.tlog
C:\Users\raven\Dropbox (BIO MEDICAL ROBOTICS)\grasp_exp2\grasp_exp\Debug\rc.read.1.tlog
C:\Users\raven\Dropbox (BIO MEDICAL ROBOTICS)\grasp_exp2\grasp_exp\Debug\rc.write.1.tlog
C:\USERS\RAVEN\DROPBOX (BIO MEDICAL ROBOTICS)\GRASP_EXP2\GRASP_EXP\DEBUG\SIGMA_COMM.OBJ
C:\USERS\RAVEN\DROPBOX (BIO MEDICAL ROBOTICS)\GRASP_EXP2\GRASP_EXP\DEBUG\TIMER.OBJ
C:\Users\raven\Dropbox (BIO MEDICAL ROBOTICS)\grasp_exp2\grasp_exp\Debug\vc100.idb
C:\USERS\RAVEN\DROPBOX (BIO MEDICAL ROBOTICS)\GRASP_EXP2\GRASP_EXP\DEBUG\VC100.PDB
